<?xml version="1.0" encoding="UTF-8"?>
<testng-results ignored="0" total="2" passed="2" failed="0" skipped="0">
  <reporter-output>
  </reporter-output>
  <suite started-at="2024-03-12T13:51:18 IST" name="Default suite" finished-at="2024-03-12T13:51:37 IST" duration-ms="19033">
    <groups>
    </groups>
    <test started-at="2024-03-12T13:51:18 IST" name="Default test" finished-at="2024-03-12T13:51:37 IST" duration-ms="19033">
      <class name="com.demo.testcase.Login">
        <test-method is-config="true" signature="setUp()[pri:0, instance:com.demo.testcase.Login@793f29ff]" started-at="2024-03-12T13:51:18 IST" name="setUp" finished-at="2024-03-12T13:51:30 IST" duration-ms="11939" status="PASS">
          <reporter-output>
          </reporter-output>
        </test-method> <!-- setUp -->
        <test-method signature="Login()[pri:0, instance:com.demo.testcase.Login@793f29ff]" started-at="2024-03-12T13:51:30 IST" name="Login" finished-at="2024-03-12T13:51:33 IST" duration-ms="3574" status="PASS">
          <reporter-output>
          </reporter-output>
        </test-method> <!-- Login -->
        <test-method signature="ScreenShot()[pri:0, instance:com.demo.testcase.Login@793f29ff]" started-at="2024-03-12T13:51:33 IST" name="ScreenShot" finished-at="2024-03-12T13:51:36 IST" duration-ms="3042" status="PASS">
          <reporter-output>
          </reporter-output>
        </test-method> <!-- ScreenShot -->
        <test-method is-config="true" signature="tearDown()[pri:0, instance:com.demo.testcase.Login@793f29ff]" started-at="2024-03-12T13:51:36 IST" name="tearDown" finished-at="2024-03-12T13:51:37 IST" duration-ms="397" status="PASS">
          <reporter-output>
          </reporter-output>
        </test-method> <!-- tearDown -->
      </class> <!-- com.demo.testcase.Login -->
    </test> <!-- Default test -->
  </suite> <!-- Default suite -->
</testng-results>
