<?xml version="1.0" encoding="UTF-8"?>
<testng-results ignored="0" total="1" passed="1" failed="0" skipped="0">
  <reporter-output>
  </reporter-output>
  <suite started-at="2024-04-24T17:37:41Z" name="Default suite" finished-at="2024-04-24T17:38:07Z" duration-ms="25688">
    <groups>
    </groups>
    <test started-at="2024-04-24T17:37:41Z" name="Default test" finished-at="2024-04-24T17:38:07Z" duration-ms="25688">
      <class name="com.np.MisceallanousAppiumActions">
        <test-method is-config="true" signature="ConfigureAppium()[pri:0, instance:com.np.MisceallanousAppiumActions@c7ba306]" started-at="2024-04-24T17:37:41Z" name="ConfigureAppium" finished-at="2024-04-24T17:37:54Z" duration-ms="12472" status="PASS">
          <reporter-output>
          </reporter-output>
        </test-method> <!-- ConfigureAppium -->
        <test-method signature="Misceallanous()[pri:0, instance:com.np.MisceallanousAppiumActions@c7ba306]" started-at="2024-04-24T17:37:54Z" name="Misceallanous" finished-at="2024-04-24T17:38:04Z" duration-ms="10729" status="PASS">
          <reporter-output>
          </reporter-output>
        </test-method> <!-- Misceallanous -->
        <test-method is-config="true" signature="tearDown()[pri:0, instance:com.np.MisceallanousAppiumActions@c7ba306]" started-at="2024-04-24T17:38:04Z" name="tearDown" finished-at="2024-04-24T17:38:07Z" duration-ms="2437" status="PASS">
          <reporter-output>
          </reporter-output>
        </test-method> <!-- tearDown -->
      </class> <!-- com.np.MisceallanousAppiumActions -->
    </test> <!-- Default test -->
  </suite> <!-- Default suite -->
</testng-results>
